app/build/intermediates/manifest_merge_blame_file/debug/manifest-merger-blame-debug-report.txt
1<?xml version="1.0" encoding="utf-8"?>
2<manifest xmlns:android="http://schemas.android.com/apk/res/android"
3    package="com.example.myapplication"
4    android:versionCode="1"
5    android:versionName="1.0" >
6
7    <uses-sdk
8        android:minSdkVersion="21"
8-->src/main/AndroidManifest.xml
9        android:targetSdkVersion="31" />
9-->src/main/AndroidManifest.xml
10
11    <application
11-->src/main/AndroidManifest.xml:5:5-32:19
12        android:allowBackup="true"
12-->src/main/AndroidManifest.xml:6:9-35
13        android:appComponentFactory="androidx.core.app.CoreComponentFactory"
13-->[androidx.core:core:1.7.0] AndroidManifest.xml:24:18-86
14        android:debuggable="true"
15        android:icon="@mipmap/ic_launcher"
15-->src/main/AndroidManifest.xml:7:9-43
16        android:label="@string/app_name"
16-->src/main/AndroidManifest.xml:8:9-41
17        android:roundIcon="@mipmap/ic_launcher_round"
17-->src/main/AndroidManifest.xml:9:9-54
18        android:supportsRtl="true"
18-->src/main/AndroidManifest.xml:10:9-35
19        android:testOnly="true"
20        android:theme="@style/Theme.MyApplication" >
20-->src/main/AndroidManifest.xml:11:9-51
21        <activity android:name="com.example.myapplication.MainActivity" >
21-->src/main/AndroidManifest.xml:12:9-30:20
21-->src/main/AndroidManifest.xml:12:19-47
22            <intent-filter>
22-->src/main/AndroidManifest.xml:14:13-18:29
23                <action android:name="android.intent.action.MAIN" />
23-->src/main/AndroidManifest.xml:15:17-69
23-->src/main/AndroidManifest.xml:15:25-66
24
25                <category android:name="android.intent.category.LAUNCHER" />
25-->src/main/AndroidManifest.xml:17:17-77
25-->src/main/AndroidManifest.xml:17:27-74
26            </intent-filter>
27            <intent-filter android:autoVerify="true" >
27-->src/main/AndroidManifest.xml:19:13-29:29
27-->src/main/AndroidManifest.xml:19:28-53
28                <action android:name="android.intent.action.VIEW" />
28-->src/main/AndroidManifest.xml:20:17-69
28-->src/main/AndroidManifest.xml:20:25-66
29
30                <category android:name="android.intent.category.DEFAULT" />
30-->src/main/AndroidManifest.xml:22:17-76
30-->src/main/AndroidManifest.xml:22:27-73
31                <category android:name="android.intent.category.BROWSABLE" />
31-->src/main/AndroidManifest.xml:23:17-78
31-->src/main/AndroidManifest.xml:23:27-75
32
33                <data
33-->src/main/AndroidManifest.xml:25:17-28:46
34                    android:host="github.com"
34-->src/main/AndroidManifest.xml:26:21-46
35                    android:path="/vandoannguyen/applink_example_android"
35-->src/main/AndroidManifest.xml:27:21-74
36                    android:scheme="https" />
36-->src/main/AndroidManifest.xml:28:21-43
37            </intent-filter>
38        </activity>
39
40        <provider
40-->[androidx.emoji2:emoji2:1.0.0] AndroidManifest.xml:26:9-34:20
41            android:name="androidx.startup.InitializationProvider"
41-->[androidx.emoji2:emoji2:1.0.0] AndroidManifest.xml:27:13-67
42            android:authorities="com.example.myapplication.androidx-startup"
42-->[androidx.emoji2:emoji2:1.0.0] AndroidManifest.xml:28:13-68
43            android:exported="false" >
43-->[androidx.emoji2:emoji2:1.0.0] AndroidManifest.xml:29:13-37
44            <meta-data
44-->[androidx.emoji2:emoji2:1.0.0] AndroidManifest.xml:31:13-33:52
45                android:name="androidx.emoji2.text.EmojiCompatInitializer"
45-->[androidx.emoji2:emoji2:1.0.0] AndroidManifest.xml:32:17-75
46                android:value="androidx.startup" />
46-->[androidx.emoji2:emoji2:1.0.0] AndroidManifest.xml:33:17-49
47            <meta-data
47-->[androidx.lifecycle:lifecycle-process:2.4.0] AndroidManifest.xml:31:13-33:52
48                android:name="androidx.lifecycle.ProcessLifecycleInitializer"
48-->[androidx.lifecycle:lifecycle-process:2.4.0] AndroidManifest.xml:32:17-78
49                android:value="androidx.startup" />
49-->[androidx.lifecycle:lifecycle-process:2.4.0] AndroidManifest.xml:33:17-49
50        </provider>
51    </application>
52
53</manifest>